Using pre-set license
Built from '2020.3/staging' branch; Version is '2020.3.3f1 (76626098c1c4) revision 7758432'; Using compiler version '192528614'; Build Type 'Release'
OS: 'Windows 10 Home Single Language; OS build 19042.1083; Version 2009; 64bit' Language: 'en' Physical Memory: 12210 MB
BatchMode: 1, IsHumanControllingUs: 0, StartBugReporterOnCrash: 0, Is64bit: 1, IsPro: 0

 COMMAND LINE ARGUMENTS:
D:\Unity\2020.3.3f1\Editor\Unity.exe
-adb2
-batchMode
-noUpm
-name
AssetImportWorker0
-projectPath
D:/Unity/Cube Scuttle
-logFile
Logs/AssetImportWorker0.log
-srvPort
59196
Successfully changed project path to: D:/Unity/Cube Scuttle
D:/Unity/Cube Scuttle
Using Asset Import Pipeline V2.
Refreshing native plugins compatible for Editor in 36.39 ms, found 0 plugins.
Preloading 0 native plugins for Editor in 0.00 ms.
Initialize engine version: 2020.3.3f1 (76626098c1c4)
[Subsystems] Discovering subsystems at path D:/Unity/2020.3.3f1/Editor/Data/Resources/UnitySubsystems
[Subsystems] Discovering subsystems at path D:/Unity/Cube Scuttle/Assets
GfxDevice: creating device client; threaded=0
Direct3D:
    Version:  Direct3D 11.0 [level 11.0]
    Renderer: NVIDIA GeForce 940M (ID=0x1347)
    Vendor:   
    VRAM:     2010 MB
    Driver:   27.21.14.6230
Initialize mono
Mono path[0] = 'D:/Unity/2020.3.3f1/Editor/Data/Managed'
Mono path[1] = 'D:/Unity/2020.3.3f1/Editor/Data/MonoBleedingEdge/lib/mono/unityjit'
Mono config path = 'D:/Unity/2020.3.3f1/Editor/Data/MonoBleedingEdge/etc'
Using monoOptions --debugger-agent=transport=dt_socket,embedding=1,server=y,suspend=n,address=127.0.0.1:56024
Begin MonoManager ReloadAssembly
Registering precompiled unity dll's ...
Register platform support module: D:/Unity/2020.3.3f1/Editor/Data/PlaybackEngines/WebGLSupport/UnityEditor.WebGL.Extensions.dll
Register platform support module: D:/Unity/2020.3.3f1/Editor/Data/PlaybackEngines/WindowsStandaloneSupport/UnityEditor.WindowsStandalone.Extensions.dll
Registered in 0.002082 seconds.
Native extension for WindowsStandalone target not found
Native extension for WebGL target not found
Refreshing native plugins compatible for Editor in 47.83 ms, found 0 plugins.
Preloading 0 native plugins for Editor in 0.00 ms.
Invoked RoslynAnalysisRunner static constructor.
RoslynAnalysisRunner will not be running.
RoslynAnalysisRunner has terminated.
Mono: successfully reloaded assembly
- Completed reload, in  2.730 seconds
Platform modules already initialized, skipping
Registering precompiled user dll's ...
Registered in 0.000750 seconds.
Begin MonoManager ReloadAssembly
Native extension for WindowsStandalone target not found
Native extension for WebGL target not found
Refreshing native plugins compatible for Editor in 0.26 ms, found 0 plugins.
Preloading 0 native plugins for Editor in 0.00 ms.
Invoked RoslynAnalysisRunner static constructor.
RoslynAnalysisRunner will not be running.
RoslynAnalysisRunner has terminated.
Mono: successfully reloaded assembly
- Completed reload, in  1.330 seconds
Platform modules already initialized, skipping
========================================================================
Worker process is ready to serve import requests
Launched and connected shader compiler UnityShaderCompiler.exe after 0.10 seconds
Refreshing native plugins compatible for Editor in 0.25 ms, found 0 plugins.
Preloading 0 native plugins for Editor in 0.00 ms.
Unloading 1133 Unused Serialized files (Serialized files now loaded: 0)
System memory in use before: 131.4 MB.
System memory in use after: 131.4 MB.

Unloading 10 unused Assets to reduce memory usage. Loaded Objects now: 1589.
Total: 2.807300 ms (FindLiveObjects: 0.165000 ms CreateObjectMapping: 0.050600 ms MarkObjects: 2.422100 ms  DeleteObjects: 0.167800 ms)

========================================================================
Received Import Request.
  path: Assets/Scenes/Level 02.unity
  artifactKey: Guid(b01e9c3e435e3e748a240c6d483ed267) Importer(815301076,1909f56bfc062723c751e8b465ee728b)
Start importing Assets/Scenes/Level 02.unity using Guid(b01e9c3e435e3e748a240c6d483ed267) Importer(815301076,1909f56bfc062723c751e8b465ee728b)  -> (artifact id: '8612ccf739fb75d7a8a91a21798cd8c3') in 0.035546 seconds
  Import took 0.039816 seconds .

========================================================================
Received Import Request.
  Time since last request: 3.540374 seconds.
  path: Assets/Scenes/Main Scene.unity
  artifactKey: Guid(e9eedf5d0f615604a8ea4d5d61412c27) Importer(815301076,1909f56bfc062723c751e8b465ee728b)
Start importing Assets/Scenes/Main Scene.unity using Guid(e9eedf5d0f615604a8ea4d5d61412c27) Importer(815301076,1909f56bfc062723c751e8b465ee728b)  -> (artifact id: 'cc1ecf315503263f3c96d7717672e550') in 0.020959 seconds
  Import took 0.025308 seconds .

========================================================================
Received Prepare
Registering precompiled user dll's ...
Registered in 0.000698 seconds.
Begin MonoManager ReloadAssembly
Native extension for WindowsStandalone target not found
Native extension for WebGL target not found
Refreshing native plugins compatible for Editor in 0.25 ms, found 0 plugins.
Preloading 0 native plugins for Editor in 0.00 ms.
Invoked RoslynAnalysisRunner static constructor.
RoslynAnalysisRunner will not be running.
RoslynAnalysisRunner has terminated.
Mono: successfully reloaded assembly
- Completed reload, in  1.364 seconds
Platform modules already initialized, skipping
Refreshing native plugins compatible for Editor in 0.41 ms, found 0 plugins.
Preloading 0 native plugins for Editor in 0.00 ms.
Unloading 1128 Unused Serialized files (Serialized files now loaded: 0)
System memory in use before: 131.3 MB.
System memory in use after: 131.4 MB.

Unloading 5 unused Assets to reduce memory usage. Loaded Objects now: 1592.
Total: 3.107000 ms (FindLiveObjects: 0.410600 ms CreateObjectMapping: 0.100000 ms MarkObjects: 2.501600 ms  DeleteObjects: 0.088700 ms)

========================================================================
Received Prepare
Registering precompiled user dll's ...
Registered in 0.000697 seconds.
Begin MonoManager ReloadAssembly
Native extension for WindowsStandalone target not found
Native extension for WebGL target not found
Refreshing native plugins compatible for Editor in 0.26 ms, found 0 plugins.
Preloading 0 native plugins for Editor in 0.00 ms.
Invoked RoslynAnalysisRunner static constructor.
RoslynAnalysisRunner will not be running.
RoslynAnalysisRunner has terminated.
Mono: successfully reloaded assembly
- Completed reload, in  1.560 seconds
Platform modules already initialized, skipping
Refreshing native plugins compatible for Editor in 0.26 ms, found 0 plugins.
Preloading 0 native plugins for Editor in 0.00 ms.
Unloading 1128 Unused Serialized files (Serialized files now loaded: 0)
System memory in use before: 131.3 MB.
System memory in use after: 131.4 MB.

Unloading 5 unused Assets to reduce memory usage. Loaded Objects now: 1595.
Total: 4.921400 ms (FindLiveObjects: 0.971200 ms CreateObjectMapping: 0.107000 ms MarkObjects: 3.733800 ms  DeleteObjects: 0.106700 ms)

========================================================================
Received Prepare
Registering precompiled user dll's ...
Registered in 0.000970 seconds.
Begin MonoManager ReloadAssembly
Native extension for WindowsStandalone target not found
Native extension for WebGL target not found
Refreshing native plugins compatible for Editor in 0.39 ms, found 0 plugins.
Preloading 0 native plugins for Editor in 0.00 ms.
Invoked RoslynAnalysisRunner static constructor.
RoslynAnalysisRunner will not be running.
RoslynAnalysisRunner has terminated.
Mono: successfully reloaded assembly
- Completed reload, in  1.587 seconds
Platform modules already initialized, skipping
Refreshing native plugins compatible for Editor in 0.51 ms, found 0 plugins.
Preloading 0 native plugins for Editor in 0.00 ms.
Unloading 1128 Unused Serialized files (Serialized files now loaded: 0)
System memory in use before: 131.4 MB.
System memory in use after: 131.4 MB.

Unloading 5 unused Assets to reduce memory usage. Loaded Objects now: 1598.
Total: 2.768100 ms (FindLiveObjects: 0.165100 ms CreateObjectMapping: 0.046800 ms MarkObjects: 2.469800 ms  DeleteObjects: 0.084500 ms)

========================================================================
Received Prepare
Registering precompiled user dll's ...
Registered in 0.001057 seconds.
Begin MonoManager ReloadAssembly
Native extension for WindowsStandalone target not found
Native extension for WebGL target not found
Refreshing native plugins compatible for Editor in 0.40 ms, found 0 plugins.
Preloading 0 native plugins for Editor in 0.00 ms.
Invoked RoslynAnalysisRunner static constructor.
RoslynAnalysisRunner will not be running.
RoslynAnalysisRunner has terminated.
Mono: successfully reloaded assembly
- Completed reload, in  1.562 seconds
Platform modules already initialized, skipping
Refreshing native plugins compatible for Editor in 0.25 ms, found 0 plugins.
Preloading 0 native plugins for Editor in 0.00 ms.
Unloading 1128 Unused Serialized files (Serialized files now loaded: 0)
System memory in use before: 131.4 MB.
System memory in use after: 131.4 MB.

Unloading 5 unused Assets to reduce memory usage. Loaded Objects now: 1601.
Total: 2.326200 ms (FindLiveObjects: 0.199300 ms CreateObjectMapping: 0.052600 ms MarkObjects: 1.984800 ms  DeleteObjects: 0.087600 ms)

========================================================================
Received Prepare
Registering precompiled user dll's ...
Registered in 0.000781 seconds.
Begin MonoManager ReloadAssembly
Native extension for WindowsStandalone target not found
Native extension for WebGL target not found
Refreshing native plugins compatible for Editor in 0.30 ms, found 0 plugins.
Preloading 0 native plugins for Editor in 0.00 ms.
Invoked RoslynAnalysisRunner static constructor.
RoslynAnalysisRunner will not be running.
RoslynAnalysisRunner has terminated.
Mono: successfully reloaded assembly
- Completed reload, in  1.985 seconds
Platform modules already initialized, skipping
Refreshing native plugins compatible for Editor in 0.44 ms, found 0 plugins.
Preloading 0 native plugins for Editor in 0.00 ms.
Unloading 1128 Unused Serialized files (Serialized files now loaded: 0)
System memory in use before: 131.4 MB.
System memory in use after: 131.4 MB.

Unloading 5 unused Assets to reduce memory usage. Loaded Objects now: 1604.
Total: 3.376600 ms (FindLiveObjects: 0.240900 ms CreateObjectMapping: 0.066000 ms MarkObjects: 2.965700 ms  DeleteObjects: 0.101400 ms)

========================================================================
Received Prepare
Registering precompiled user dll's ...
Registered in 0.001165 seconds.
Begin MonoManager ReloadAssembly
Native extension for WindowsStandalone target not found
Native extension for WebGL target not found
Refreshing native plugins compatible for Editor in 0.38 ms, found 0 plugins.
Preloading 0 native plugins for Editor in 0.00 ms.
Invoked RoslynAnalysisRunner static constructor.
RoslynAnalysisRunner will not be running.
RoslynAnalysisRunner has terminated.
Mono: successfully reloaded assembly
- Completed reload, in  1.903 seconds
Platform modules already initialized, skipping
Refreshing native plugins compatible for Editor in 0.46 ms, found 0 plugins.
Preloading 0 native plugins for Editor in 0.00 ms.
Unloading 1128 Unused Serialized files (Serialized files now loaded: 0)
System memory in use before: 131.4 MB.
System memory in use after: 131.4 MB.

Unloading 5 unused Assets to reduce memory usage. Loaded Objects now: 1607.
Total: 3.554900 ms (FindLiveObjects: 0.476500 ms CreateObjectMapping: 0.101900 ms MarkObjects: 2.883000 ms  DeleteObjects: 0.091000 ms)

========================================================================
Received Import Request.
  Time since last request: 1271.187959 seconds.
  path: Assets/Prefabs/Player.prefab
  artifactKey: Guid(07089afae8ce5c4469b2841c0b9558eb) Importer(815301076,1909f56bfc062723c751e8b465ee728b)
Start importing Assets/Prefabs/Player.prefab using Guid(07089afae8ce5c4469b2841c0b9558eb) Importer(815301076,1909f56bfc062723c751e8b465ee728b)  -> (artifact id: '2f0c8f8d7644c4c11b6930814e40a2e8') in 0.260077 seconds
  Import took 0.277996 seconds .

========================================================================
Received Import Request.
  Time since last request: 15.089479 seconds.
  path: Assets/Scenes/Main Scene.unity
  artifactKey: Guid(e9eedf5d0f615604a8ea4d5d61412c27) Importer(815301076,1909f56bfc062723c751e8b465ee728b)
Start importing Assets/Scenes/Main Scene.unity using Guid(e9eedf5d0f615604a8ea4d5d61412c27) Importer(815301076,1909f56bfc062723c751e8b465ee728b)  -> (artifact id: '279c3603c1133cc3d9ebe0ac49d9b3ce') in 0.012736 seconds
  Import took 0.017529 seconds .

========================================================================
Received Import Request.
  Time since last request: 28.338302 seconds.
  path: Assets/Prefabs/Player.prefab
  artifactKey: Guid(07089afae8ce5c4469b2841c0b9558eb) Importer(815301076,1909f56bfc062723c751e8b465ee728b)
Start importing Assets/Prefabs/Player.prefab using Guid(07089afae8ce5c4469b2841c0b9558eb) Importer(815301076,1909f56bfc062723c751e8b465ee728b)  -> (artifact id: 'c530042f9145d4885942bc362d24c5be') in 0.048790 seconds
  Import took 0.070980 seconds .

========================================================================
Received Import Request.
  Time since last request: 12.605811 seconds.
  path: Assets/Prefabs/Lamps.prefab
  artifactKey: Guid(32515db0106502747a2056f9792717ac) Importer(815301076,1909f56bfc062723c751e8b465ee728b)
Start importing Assets/Prefabs/Lamps.prefab using Guid(32515db0106502747a2056f9792717ac) Importer(815301076,1909f56bfc062723c751e8b465ee728b)  -> (artifact id: '70405156ff62220a42887266ae0ce4f5') in 0.037240 seconds
  Import took 0.042091 seconds .

========================================================================
Received Import Request.
  Time since last request: 4.915714 seconds.
  path: Assets/Prefabs/DefenseBalls.prefab
  artifactKey: Guid(665f50e442664494a83df2dc1bfe0cb7) Importer(815301076,1909f56bfc062723c751e8b465ee728b)
Start importing Assets/Prefabs/DefenseBalls.prefab using Guid(665f50e442664494a83df2dc1bfe0cb7) Importer(815301076,1909f56bfc062723c751e8b465ee728b)  -> (artifact id: '2b13ade825c4e82a686c83c39cf6e291') in 0.050418 seconds
  Import took 0.072321 seconds .

========================================================================
Received Import Request.
  Time since last request: 0.001420 seconds.
  path: Assets/Prefabs/DefenseBalls.prefab
  artifactKey: Guid(665f50e442664494a83df2dc1bfe0cb7) Importer(815301076,1909f56bfc062723c751e8b465ee728b)
Start importing Assets/Prefabs/DefenseBalls.prefab using Guid(665f50e442664494a83df2dc1bfe0cb7) Importer(815301076,1909f56bfc062723c751e8b465ee728b)  -> (artifact id: '2b13ade825c4e82a686c83c39cf6e291') in 0.026531 seconds
  Import took 0.031719 seconds .

========================================================================
Received Import Request.
  Time since last request: 2.470145 seconds.
  path: Assets/Prefabs/CylinderObticals.prefab
  artifactKey: Guid(dc952a38c32c29e469157e64ae9a23e1) Importer(815301076,1909f56bfc062723c751e8b465ee728b)
Start importing Assets/Prefabs/CylinderObticals.prefab using Guid(dc952a38c32c29e469157e64ae9a23e1) Importer(815301076,1909f56bfc062723c751e8b465ee728b)  -> (artifact id: 'ecfddeca5380f842f4a8acd284c1b777') in 0.040013 seconds
  Import took 0.044411 seconds .

========================================================================
Received Import Request.
  Time since last request: 0.021680 seconds.
  path: Assets/Prefabs/CylinderObticals.prefab
  artifactKey: Guid(dc952a38c32c29e469157e64ae9a23e1) Importer(815301076,1909f56bfc062723c751e8b465ee728b)
Start importing Assets/Prefabs/CylinderObticals.prefab using Guid(dc952a38c32c29e469157e64ae9a23e1) Importer(815301076,1909f56bfc062723c751e8b465ee728b)  -> (artifact id: 'ecfddeca5380f842f4a8acd284c1b777') in 0.017655 seconds
  Import took 0.022045 seconds .

========================================================================
Received Import Request.
  Time since last request: 1.858680 seconds.
  path: Assets/Prefabs/LaserObticals.prefab
  artifactKey: Guid(125d1e0a8e02ec34db09a3151b5e4b24) Importer(815301076,1909f56bfc062723c751e8b465ee728b)
Start importing Assets/Prefabs/LaserObticals.prefab using Guid(125d1e0a8e02ec34db09a3151b5e4b24) Importer(815301076,1909f56bfc062723c751e8b465ee728b)  -> (artifact id: '48a5e41d9b8aad8751b481585561c475') in 0.027661 seconds
  Import took 0.033489 seconds .

========================================================================
Received Import Request.
  Time since last request: 0.025770 seconds.
  path: Assets/Prefabs/LaserObticals.prefab
  artifactKey: Guid(125d1e0a8e02ec34db09a3151b5e4b24) Importer(815301076,1909f56bfc062723c751e8b465ee728b)
Start importing Assets/Prefabs/LaserObticals.prefab using Guid(125d1e0a8e02ec34db09a3151b5e4b24) Importer(815301076,1909f56bfc062723c751e8b465ee728b)  -> (artifact id: '48a5e41d9b8aad8751b481585561c475') in 0.007421 seconds
  Import took 0.012552 seconds .

========================================================================
Received Import Request.
  Time since last request: 2.199040 seconds.
  path: Assets/Prefabs/CubeDef.prefab
  artifactKey: Guid(0e37ca3cf5dcd3e4a8e43464dc8fa54c) Importer(815301076,1909f56bfc062723c751e8b465ee728b)
Start importing Assets/Prefabs/CubeDef.prefab using Guid(0e37ca3cf5dcd3e4a8e43464dc8fa54c) Importer(815301076,1909f56bfc062723c751e8b465ee728b)  -> (artifact id: 'f96790dcd7f4eb8316d883e858cf9c05') in 0.042141 seconds
  Import took 0.047273 seconds .

========================================================================
Received Import Request.
  Time since last request: 0.018955 seconds.
  path: Assets/Prefabs/CubeDef.prefab
  artifactKey: Guid(0e37ca3cf5dcd3e4a8e43464dc8fa54c) Importer(815301076,1909f56bfc062723c751e8b465ee728b)
Start importing Assets/Prefabs/CubeDef.prefab using Guid(0e37ca3cf5dcd3e4a8e43464dc8fa54c) Importer(815301076,1909f56bfc062723c751e8b465ee728b)  -> (artifact id: 'f96790dcd7f4eb8316d883e858cf9c05') in 0.020218 seconds
  Import took 0.024790 seconds .

========================================================================
Received Import Request.
  Time since last request: 2.292435 seconds.
  path: Assets/Prefabs/FireDef.prefab
  artifactKey: Guid(4349ac99511508042a00faf0ae43ceb7) Importer(815301076,1909f56bfc062723c751e8b465ee728b)
Start importing Assets/Prefabs/FireDef.prefab using Guid(4349ac99511508042a00faf0ae43ceb7) Importer(815301076,1909f56bfc062723c751e8b465ee728b)  -> (artifact id: '1ee3c06e44a631d04e05cfd2a49bb606') in 0.040218 seconds
  Import took 0.050486 seconds .

========================================================================
Received Import Request.
  Time since last request: 0.010573 seconds.
  path: Assets/Prefabs/FireDef.prefab
  artifactKey: Guid(4349ac99511508042a00faf0ae43ceb7) Importer(815301076,1909f56bfc062723c751e8b465ee728b)
Start importing Assets/Prefabs/FireDef.prefab using Guid(4349ac99511508042a00faf0ae43ceb7) Importer(815301076,1909f56bfc062723c751e8b465ee728b)  -> (artifact id: '1ee3c06e44a631d04e05cfd2a49bb606') in 0.016097 seconds
  Import took 0.022314 seconds .

